0 info it worked if it ends with ok
1 verbose cli [ 'C:\\Program Files\\nodejs\\node.exe',
1 verbose cli   'C:\\Program Files\\nodejs\\node_modules\\npm\\bin\\npm-cli.js',
1 verbose cli   'install',
1 verbose cli   'systeminformation',
1 verbose cli   '--save' ]
2 info using npm@2.15.5
3 info using node@v4.4.5
4 verbose install initial load of D:\_Matthew\Documents\Quik\quik\package.json
5 warn package.json Quik@0.0.1 No repository field.
6 warn package.json Quik@0.0.1 No license field.
7 verbose installManyTop reading scoped package data from D:\_Matthew\Documents\Quik\quik\node_modules\config-js\package.json
8 verbose installManyTop reading scoped package data from D:\_Matthew\Documents\Quik\quik\node_modules\express\package.json
9 verbose installManyTop reading scoped package data from D:\_Matthew\Documents\Quik\quik\node_modules\geoip-lite\package.json
10 verbose installManyTop reading scoped package data from D:\_Matthew\Documents\Quik\quik\node_modules\sanitize-html\package.json
11 verbose installManyTop reading scoped package data from D:\_Matthew\Documents\Quik\quik\node_modules\socket.io\package.json
12 verbose installManyTop reading scoped package data from D:\_Matthew\Documents\Quik\quik\node_modules\swearjar\package.json
13 verbose installManyTop reading scoped package data from D:\_Matthew\Documents\Quik\quik\node_modules\winston\package.json
14 info package.json geoip-lite@1.1.8 No license field.
15 info package.json swearjar@0.1.3 No license field.
16 verbose readDependencies loading dependencies from D:\_Matthew\Documents\Quik\quik\package.json
17 silly cache add args [ 'systeminformation', null ]
18 verbose cache add spec systeminformation
19 silly cache add parsed spec Result {
19 silly cache add   raw: 'systeminformation',
19 silly cache add   scope: null,
19 silly cache add   name: 'systeminformation',
19 silly cache add   rawSpec: '',
19 silly cache add   spec: 'latest',
19 silly cache add   type: 'tag' }
20 silly addNamed systeminformation@latest
21 verbose addNamed "latest" is being treated as a dist-tag for systeminformation
22 info addNameTag [ 'systeminformation', 'latest' ]
23 silly mapToRegistry name systeminformation
24 silly mapToRegistry using default registry
25 silly mapToRegistry registry https://registry.npmjs.org/
26 silly mapToRegistry data Result {
26 silly mapToRegistry   raw: 'systeminformation',
26 silly mapToRegistry   scope: null,
26 silly mapToRegistry   name: 'systeminformation',
26 silly mapToRegistry   rawSpec: '',
26 silly mapToRegistry   spec: 'latest',
26 silly mapToRegistry   type: 'tag' }
27 silly mapToRegistry uri https://registry.npmjs.org/systeminformation
28 verbose addNameTag registry:https://registry.npmjs.org/systeminformation not in flight; fetching
29 verbose request uri https://registry.npmjs.org/systeminformation
30 verbose request no auth needed
31 info attempt registry request try #1 at 3:15:50 PM
32 verbose request id 9eac801aea6820e3
33 http request GET https://registry.npmjs.org/systeminformation
34 http 200 https://registry.npmjs.org/systeminformation
35 verbose headers { server: 'CouchDB/1.6.1 (Erlang OTP/R16B03)',
35 verbose headers   etag: '"8YUJE6DS7DQQRYJXUTSTE0C92"',
35 verbose headers   'content-type': 'application/json',
35 verbose headers   'content-encoding': 'gzip',
35 verbose headers   'cache-control': 'max-age=300',
35 verbose headers   'content-length': '8033',
35 verbose headers   'accept-ranges': 'bytes',
35 verbose headers   date: 'Thu, 07 Jul 2016 05:46:06 GMT',
35 verbose headers   via: '1.1 varnish',
35 verbose headers   age: '0',
35 verbose headers   connection: 'keep-alive',
35 verbose headers   'x-served-by': 'cache-mel6521-MEL',
35 verbose headers   'x-cache': 'MISS',
35 verbose headers   'x-cache-hits': '0',
35 verbose headers   'x-timer': 'S1467870365.548616,VS0,VE793',
35 verbose headers   vary: 'Accept-Encoding' }
36 silly get cb [ 200,
36 silly get   { server: 'CouchDB/1.6.1 (Erlang OTP/R16B03)',
36 silly get     etag: '"8YUJE6DS7DQQRYJXUTSTE0C92"',
36 silly get     'content-type': 'application/json',
36 silly get     'content-encoding': 'gzip',
36 silly get     'cache-control': 'max-age=300',
36 silly get     'content-length': '8033',
36 silly get     'accept-ranges': 'bytes',
36 silly get     date: 'Thu, 07 Jul 2016 05:46:06 GMT',
36 silly get     via: '1.1 varnish',
36 silly get     age: '0',
36 silly get     connection: 'keep-alive',
36 silly get     'x-served-by': 'cache-mel6521-MEL',
36 silly get     'x-cache': 'MISS',
36 silly get     'x-cache-hits': '0',
36 silly get     'x-timer': 'S1467870365.548616,VS0,VE793',
36 silly get     vary: 'Accept-Encoding' } ]
37 verbose get saving systeminformation to C:\Users\Matthew\AppData\Roaming\npm-cache\registry.npmjs.org\systeminformation\.cache.json
38 verbose correctMkdir C:\Users\Matthew\AppData\Roaming\npm-cache correctMkdir not in flight; initializing
39 silly addNameTag next cb for systeminformation with tag latest
40 silly addNamed systeminformation@2.0.5
41 verbose addNamed "2.0.5" is a plain semver version for systeminformation
42 silly mapToRegistry name systeminformation
43 silly mapToRegistry using default registry
44 silly mapToRegistry registry https://registry.npmjs.org/
45 silly mapToRegistry data Result {
45 silly mapToRegistry   raw: 'systeminformation',
45 silly mapToRegistry   scope: null,
45 silly mapToRegistry   name: 'systeminformation',
45 silly mapToRegistry   rawSpec: '',
45 silly mapToRegistry   spec: 'latest',
45 silly mapToRegistry   type: 'tag' }
46 silly mapToRegistry uri https://registry.npmjs.org/systeminformation
47 verbose addRemoteTarball https://registry.npmjs.org/systeminformation/-/systeminformation-2.0.5.tgz not in flight; adding
48 verbose addRemoteTarball [ 'https://registry.npmjs.org/systeminformation/-/systeminformation-2.0.5.tgz',
48 verbose addRemoteTarball   '8f0832010d76ee12d415b36bf900d85c1fb324f2' ]
49 info retry fetch attempt 1 at 3:15:52 PM
50 info attempt registry request try #1 at 3:15:52 PM
51 http fetch GET https://registry.npmjs.org/systeminformation/-/systeminformation-2.0.5.tgz
52 http fetch 200 https://registry.npmjs.org/systeminformation/-/systeminformation-2.0.5.tgz
53 silly fetchAndShaCheck shasum 8f0832010d76ee12d415b36bf900d85c1fb324f2
54 verbose addTmpTarball C:\Users\Matthew\AppData\Local\Temp\npm-884-07ce9bae\registry.npmjs.org\systeminformation\-\systeminformation-2.0.5.tgz not in flight; adding
55 verbose addTmpTarball already have metadata; skipping unpack for systeminformation@2.0.5
56 verbose correctMkdir C:\Users\Matthew\AppData\Roaming\npm-cache correctMkdir not in flight; initializing
57 silly cache afterAdd systeminformation@2.0.5
58 verbose afterAdd C:\Users\Matthew\AppData\Roaming\npm-cache\systeminformation\2.0.5\package\package.json not in flight; writing
59 verbose correctMkdir C:\Users\Matthew\AppData\Roaming\npm-cache correctMkdir not in flight; initializing
60 verbose afterAdd C:\Users\Matthew\AppData\Roaming\npm-cache\systeminformation\2.0.5\package\package.json written
61 silly install resolved [ { name: 'systeminformation',
61 silly install resolved     version: '2.0.5',
61 silly install resolved     description: 'Simple system and OS information library',
61 silly install resolved     license: 'MIT',
61 silly install resolved     author:
61 silly install resolved      { name: 'Sebastian Hildebrandt',
61 silly install resolved        email: 'hildebrandt@plus-innovations.com',
61 silly install resolved        url: 'https://plus-innovations.com' },
61 silly install resolved     homepage: 'https://github.com/sebhildebrandt/systeminformation',
61 silly install resolved     main: './lib/index.js',
61 silly install resolved     scripts: { test: 'echo "Error: no test specified" && exit 1' },
61 silly install resolved     keywords:
61 silly install resolved      [ 'system information',
61 silly install resolved        'sysinfo',
61 silly install resolved        'monitor',
61 silly install resolved        'monitoring',
61 silly install resolved        'os',
61 silly install resolved        'linux',
61 silly install resolved        'osx',
61 silly install resolved        'cpu',
61 silly install resolved        'memory',
61 silly install resolved        'file system',
61 silly install resolved        'network',
61 silly install resolved        'processes',
61 silly install resolved        'users',
61 silly install resolved        'internet' ],
61 silly install resolved     repository:
61 silly install resolved      { type: 'git',
61 silly install resolved        url: 'git+https://github.com/sebhildebrandt/systeminformation.git' },
61 silly install resolved     os: [ 'darwin', 'linux' ],
61 silly install resolved     engines: { node: '>=0.10' },
61 silly install resolved     gitHead: '8ebf6c75489250f5282ebfdd6462c96874aaff74',
61 silly install resolved     bugs: { url: 'https://github.com/sebhildebrandt/systeminformation/issues' },
61 silly install resolved     _id: 'systeminformation@2.0.5',
61 silly install resolved     _shasum: '8f0832010d76ee12d415b36bf900d85c1fb324f2',
61 silly install resolved     _from: 'systeminformation@latest',
61 silly install resolved     _npmVersion: '3.3.12',
61 silly install resolved     _nodeVersion: '5.5.0',
61 silly install resolved     _npmUser:
61 silly install resolved      { name: 'plusinnovations',
61 silly install resolved        email: 'hildebrandt@plus-innovations.com' },
61 silly install resolved     dist:
61 silly install resolved      { shasum: '8f0832010d76ee12d415b36bf900d85c1fb324f2',
61 silly install resolved        tarball: 'https://registry.npmjs.org/systeminformation/-/systeminformation-2.0.5.tgz' },
61 silly install resolved     maintainers: [ [Object] ],
61 silly install resolved     _npmOperationalInternal:
61 silly install resolved      { host: 'packages-12-west.internal.npmjs.com',
61 silly install resolved        tmp: 'tmp/systeminformation-2.0.5.tgz_1456907482791_0.24691745126619935' },
61 silly install resolved     directories: {},
61 silly install resolved     _resolved: 'https://registry.npmjs.org/systeminformation/-/systeminformation-2.0.5.tgz' } ]
62 info install systeminformation@2.0.5 into D:\_Matthew\Documents\Quik\quik
63 info installOne systeminformation@2.0.5
64 verbose installOne of systeminformation to D:\_Matthew\Documents\Quik\quik not in flight; installing
65 verbose correctMkdir C:\Users\Matthew\AppData\Roaming\npm-cache\_locks correctMkdir not in flight; initializing
66 verbose lock using C:\Users\Matthew\AppData\Roaming\npm-cache\_locks\systeminformation-ead0609a515ef47a.lock for D:\_Matthew\Documents\Quik\quik\node_modules\systeminformation
67 verbose unlock done using C:\Users\Matthew\AppData\Roaming\npm-cache\_locks\systeminformation-ead0609a515ef47a.lock for D:\_Matthew\Documents\Quik\quik\node_modules\systeminformation
68 verbose stack Error: Unsupported
68 verbose stack     at checkPlatform (C:\Program Files\nodejs\node_modules\npm\node_modules\npm-install-checks\index.js:47:14)
68 verbose stack     at Array.<anonymous> (C:\Program Files\nodejs\node_modules\npm\node_modules\slide\lib\bind-actor.js:15:8)
68 verbose stack     at LOOP (C:\Program Files\nodejs\node_modules\npm\node_modules\slide\lib\chain.js:15:14)
68 verbose stack     at C:\Program Files\nodejs\node_modules\npm\node_modules\slide\lib\chain.js:18:7
68 verbose stack     at checkEngine (C:\Program Files\nodejs\node_modules\npm\node_modules\npm-install-checks\index.js:26:10)
68 verbose stack     at Array.<anonymous> (C:\Program Files\nodejs\node_modules\npm\node_modules\slide\lib\bind-actor.js:15:8)
68 verbose stack     at LOOP (C:\Program Files\nodejs\node_modules\npm\node_modules\slide\lib\chain.js:15:14)
68 verbose stack     at chain (C:\Program Files\nodejs\node_modules\npm\node_modules\slide\lib\chain.js:20:5)
68 verbose stack     at C:\Program Files\nodejs\node_modules\npm\lib\install.js:1038:5
68 verbose stack     at C:\Program Files\nodejs\node_modules\npm\lib\utils\locker.js:39:7
69 verbose pkgid systeminformation@2.0.5
70 verbose cwd D:\_Matthew\Documents\Quik\quik
71 error Windows_NT 10.0.10586
72 error argv "C:\\Program Files\\nodejs\\node.exe" "C:\\Program Files\\nodejs\\node_modules\\npm\\bin\\npm-cli.js" "install" "systeminformation" "--save"
73 error node v4.4.5
74 error npm  v2.15.5
75 error code EBADPLATFORM
76 error notsup Unsupported
76 error notsup Not compatible with your operating system or architecture: systeminformation@2.0.5
76 error notsup Valid OS:    darwin,linux
76 error notsup Valid Arch:  any
76 error notsup Actual OS:   win32
76 error notsup Actual Arch: x64
77 verbose exit [ 1, true ]
